[debug] [2025-06-11T02:42:59.201Z] ----------------------------------------------------------------------
[debug] [2025-06-11T02:42:59.204Z] Command:       C:\Program Files\nodejs\node.exe C:\Users\user1\AppData\Roaming\npm\node_modules\firebase-tools\lib\bin\firebase.js init
[debug] [2025-06-11T02:42:59.204Z] CLI Version:   14.6.0
[debug] [2025-06-11T02:42:59.204Z] Platform:      win32
[debug] [2025-06-11T02:42:59.204Z] Node Version:  v22.15.0
[debug] [2025-06-11T02:42:59.205Z] Time:          Tue Jun 10 2025 19:42:59 GMT-0700 (Pacific Daylight Time)
[debug] [2025-06-11T02:42:59.205Z] ----------------------------------------------------------------------
[debug] 
[debug] [2025-06-11T02:42:59.211Z] > command requires scopes: ["email","openid","https://www.googleapis.com/auth/cloudplatformprojects.readonly","https://www.googleapis.com/auth/firebase","https://www.googleapis.com/auth/cloud-platform"]
[debug] [2025-06-11T02:42:59.217Z] > authorizing via signed-in user (belisario419mz@gmail.com)
[info] 
     ######## #### ########  ######## ########     ###     ######  ########
     ##        ##  ##     ## ##       ##     ##  ##   ##  ##       ##
     ######    ##  ########  ######   ########  #########  ######  ######
     ##        ##  ##    ##  ##       ##     ## ##     ##       ## ##
     ##       #### ##     ## ######## ########  ##     ##  ######  ########

You're about to initialize a Firebase project in this directory:

  C:\Users\user1\Desktop\Solitre\sm805-danger-map

[debug] [2025-06-11T02:46:22.965Z] ExitPromptError: User force closed the prompt with SIGINT
    at Interface.sigint (C:\Users\user1\AppData\Roaming\npm\node_modules\firebase-tools\node_modules\@inquirer\core\dist\commonjs\lib\create-prompt.js:101:37)
    at Interface.emit (node:events:518:28)
    at Interface.emit (node:domain:489:12)
    at [_ttyWrite] [as _ttyWrite] (node:internal/readline/interface:1128:18)
    at ReadStream.onkeypress (node:internal/readline/interface:267:20)
    at ReadStream.emit (node:events:530:35)
    at ReadStream.emit (node:domain:489:12)
    at emitKeys (node:internal/readline/utils:370:14)
    at emitKeys.next (<anonymous>)
    at ReadStream.onData (node:internal/readline/emitKeypressEvents:64:36)
[error] 
[error] Error: An unexpected error has occurred.
